app/build/outputs/logs/manifest-merger-debug-report.txt
-- Merging decision tree log ---
manifest
ADDED from src\main\AndroidManifest.xml:2:1-42:12
	package
		ADDED from src\main\AndroidManifest.xml:3:5-53
		INJECTED from src\main\AndroidManifest.xml
		INJECTED from src\main\AndroidManifest.xml
	android:versionName
		INJECTED from src\main\AndroidManifest.xml
		INJECTED from src\main\AndroidManifest.xml
	xmlns:android
		ADDED from src\main\AndroidManifest.xml:2:11-69
	android:versionCode
		INJECTED from src\main\AndroidManifest.xml
		INJECTED from src\main\AndroidManifest.xml
application
ADDED from src\main\AndroidManifest.xml:5:5-40:19
MERGED from [:gear360sdk-v0.1.12:] AndroidManifest.xml:21:5-28:19
MERGED from [BasicSampleApp:library:unspecified] AndroidManifest.xml:11:5-15:19
MERGED from [com.android.support:appcompat-v7:25.3.1] AndroidManifest.xml:29:5-20
MERGED from [com.android.support:support-v4:25.3.1] AndroidManifest.xml:29:5-20
MERGED from [com.android.support:support-fragment:25.3.1] AndroidManifest.xml:29:5-20
MERGED from [com.android.support:support-media-compat:25.3.1] AndroidManifest.xml:29:5-20
MERGED from [com.android.support:support-core-ui:25.3.1] AndroidManifest.xml:29:5-20
MERGED from [com.android.support:support-core-utils:25.3.1] AndroidManifest.xml:29:5-20
MERGED from [com.android.support:animated-vector-drawable:25.3.1] AndroidManifest.xml:26:5-20
MERGED from [com.android.support:support-vector-drawable:25.3.1] AndroidManifest.xml:26:5-20
MERGED from [com.android.support:support-compat:25.3.1] AndroidManifest.xml:29:5-20
	android:label
		ADDED from src\main\AndroidManifest.xml:9:9-41
	android:supportsRtl
		ADDED from src\main\AndroidManifest.xml:10:9-35
	android:allowBackup
		ADDED from src\main\AndroidManifest.xml:7:9-35
	android:icon
		ADDED from src\main\AndroidManifest.xml:8:9-43
	android:theme
		ADDED from src\main\AndroidManifest.xml:11:9-40
	android:name
		ADDED from src\main\AndroidManifest.xml:6:9-42
activity#com.samsung.android.sdk.gear360.sample.connection.DiscoveryActivity
ADDED from src\main\AndroidManifest.xml:12:9-19:20
	android:screenOrientation
		ADDED from src\main\AndroidManifest.xml:14:13-49
	android:name
		ADDED from src\main\AndroidManifest.xml:13:13-57
intent-filter#android.intent.action.MAIN+android.intent.category.LAUNCHER
ADDED from src\main\AndroidManifest.xml:15:13-18:29
action#android.intent.action.MAIN
ADDED from src\main\AndroidManifest.xml:16:17-69
	android:name
		ADDED from src\main\AndroidManifest.xml:16:25-66
category#android.intent.category.LAUNCHER
ADDED from src\main\AndroidManifest.xml:17:17-77
	android:name
		ADDED from src\main\AndroidManifest.xml:17:27-74
activity#com.samsung.android.sdk.gear360.sample.service.PreviewActivity
ADDED from src\main\AndroidManifest.xml:20:9-22:52
	android:screenOrientation
		ADDED from src\main\AndroidManifest.xml:22:13-49
	android:name
		ADDED from src\main\AndroidManifest.xml:21:13-52
activity#com.samsung.android.sdk.gear360.sample.service.VideoPlayerActivity
ADDED from src\main\AndroidManifest.xml:23:9-25:52
	android:screenOrientation
		ADDED from src\main\AndroidManifest.xml:25:13-49
	android:name
		ADDED from src\main\AndroidManifest.xml:24:13-56
activity#com.samsung.android.sdk.gear360.sample.service.FileManagerActivity
ADDED from src\main\AndroidManifest.xml:27:9-31:59
	android:screenOrientation
		ADDED from src\main\AndroidManifest.xml:30:13-49
	android:parentActivityName
		ADDED from src\main\AndroidManifest.xml:29:13-71
	android:windowSoftInputMode
		ADDED from src\main\AndroidManifest.xml:31:13-56
	android:name
		ADDED from src\main\AndroidManifest.xml:28:13-56
activity#com.samsung.android.sdk.gear360.sample.service.DeviceSettingsActivity
ADDED from src\main\AndroidManifest.xml:32:9-35:52
	android:screenOrientation
		ADDED from src\main\AndroidManifest.xml:35:13-49
	android:parentActivityName
		ADDED from src\main\AndroidManifest.xml:34:13-71
	android:name
		ADDED from src\main\AndroidManifest.xml:33:13-59
activity#com.samsung.android.sdk.gear360.sample.service.CameraSettingActivity
ADDED from src\main\AndroidManifest.xml:36:9-39:52
	android:screenOrientation
		ADDED from src\main\AndroidManifest.xml:39:13-49
	android:parentActivityName
		ADDED from src\main\AndroidManifest.xml:38:13-71
	android:name
		ADDED from src\main\AndroidManifest.xml:37:13-58
uses-sdk
INJECTED from src\main\AndroidManifest.xml reason: use-sdk injection requested
MERGED from [:gear360sdk-v0.1.12:] AndroidManifest.xml:5:5-7:41
MERGED from [BasicSampleApp:library:unspecified] AndroidManifest.xml:7:5-9:41
MERGED from [com.android.support:appcompat-v7:25.3.1] AndroidManifest.xml:21:5-23:78
MERGED from [com.android.support:support-v4:25.3.1] AndroidManifest.xml:21:5-23:54
MERGED from [com.android.support:support-fragment:25.3.1] AndroidManifest.xml:21:5-23:60
MERGED from [com.android.support:support-media-compat:25.3.1] AndroidManifest.xml:21:5-23:63
MERGED from [com.android.support:support-core-ui:25.3.1] AndroidManifest.xml:21:5-23:58
MERGED from [com.android.support:support-core-utils:25.3.1] AndroidManifest.xml:21:5-23:61
MERGED from [com.android.support:animated-vector-drawable:25.3.1] AndroidManifest.xml:20:5-44
MERGED from [com.android.support:support-vector-drawable:25.3.1] AndroidManifest.xml:20:5-43
MERGED from [com.android.support:support-compat:25.3.1] AndroidManifest.xml:21:5-23:58
	tools:overrideLibrary
		ADDED from [com.android.support:appcompat-v7:25.3.1] AndroidManifest.xml:23:9-75
	android:targetSdkVersion
		INJECTED from src\main\AndroidManifest.xml
		INJECTED from src\main\AndroidManifest.xml
	android:minSdkVersion
		INJECTED from src\main\AndroidManifest.xml
		INJECTED from src\main\AndroidManifest.xml
uses-permission#android.permission.INTERNET
ADDED from [:gear360sdk-v0.1.12:] AndroidManifest.xml:9:5-67
	android:name
		ADDED from [:gear360sdk-v0.1.12:] AndroidManifest.xml:9:22-64
uses-permission#android.permission.BLUETOOTH_ADMIN
ADDED from [:gear360sdk-v0.1.12:] AndroidManifest.xml:10:5-74
	android:name
		ADDED from [:gear360sdk-v0.1.12:] AndroidManifest.xml:10:22-71
uses-permission#android.permission.BLUETOOTH
ADDED from [:gear360sdk-v0.1.12:] AndroidManifest.xml:11:5-68
	android:name
		ADDED from [:gear360sdk-v0.1.12:] AndroidManifest.xml:11:22-65
uses-permission#android.permission.ACCESS_COARSE_LOCATION
ADDED from [:gear360sdk-v0.1.12:] AndroidManifest.xml:12:5-81
	android:name
		ADDED from [:gear360sdk-v0.1.12:] AndroidManifest.xml:12:22-78
uses-permission#android.permission.ACCESS_FINE_LOCATION
ADDED from [:gear360sdk-v0.1.12:] AndroidManifest.xml:13:5-79
	android:name
		ADDED from [:gear360sdk-v0.1.12:] AndroidManifest.xml:13:22-76
uses-permission#android.permission.ACCESS_WIFI_STATE
ADDED from [:gear360sdk-v0.1.12:] AndroidManifest.xml:14:5-76
	android:name
		ADDED from [:gear360sdk-v0.1.12:] AndroidManifest.xml:14:22-73
uses-permission#android.permission.CHANGE_WIFI_STATE
ADDED from [:gear360sdk-v0.1.12:] AndroidManifest.xml:15:5-76
	android:name
		ADDED from [:gear360sdk-v0.1.12:] AndroidManifest.xml:15:22-73
uses-permission#android.permission.READ_PHONE_STATE
ADDED from [:gear360sdk-v0.1.12:] AndroidManifest.xml:16:5-75
	android:name
		ADDED from [:gear360sdk-v0.1.12:] AndroidManifest.xml:16:22-72
uses-permission#android.permission.WRITE_EXTERNAL_STORAGE
ADDED from [:gear360sdk-v0.1.12:] AndroidManifest.xml:17:5-81
	android:name
		ADDED from [:gear360sdk-v0.1.12:] AndroidManifest.xml:17:22-78
uses-permission#android.permission.READ_EXTERNAL_STORAGE
ADDED from [:gear360sdk-v0.1.12:] AndroidManifest.xml:18:5-80
	android:name
		ADDED from [:gear360sdk-v0.1.12:] AndroidManifest.xml:18:22-77
uses-permission#android.permission.KILL_BACKGROUND_PROCESSES
ADDED from [:gear360sdk-v0.1.12:] AndroidManifest.xml:19:5-84
	android:name
		ADDED from [:gear360sdk-v0.1.12:] AndroidManifest.xml:19:22-81
meta-data#AccessoryServicesLocation
ADDED from [:gear360sdk-v0.1.12:] AndroidManifest.xml:25:9-27:62
	android:value
		ADDED from [:gear360sdk-v0.1.12:] AndroidManifest.xml:27:13-59
	android:name
		ADDED from [:gear360sdk-v0.1.12:] AndroidManifest.xml:26:13-53
meta-data#android.support.VERSION
ADDED from [com.android.support:appcompat-v7:25.3.1] AndroidManifest.xml:25:5-27:34
MERGED from [com.android.support:support-v4:25.3.1] AndroidManifest.xml:25:5-27:34
MERGED from [com.android.support:support-fragment:25.3.1] AndroidManifest.xml:25:5-27:34
MERGED from [com.android.support:support-media-compat:25.3.1] AndroidManifest.xml:25:5-27:34
MERGED from [com.android.support:support-core-ui:25.3.1] AndroidManifest.xml:25:5-27:34
MERGED from [com.android.support:support-core-utils:25.3.1] AndroidManifest.xml:25:5-27:34
MERGED from [com.android.support:animated-vector-drawable:25.3.1] AndroidManifest.xml:22:5-24:34
MERGED from [com.android.support:support-vector-drawable:25.3.1] AndroidManifest.xml:22:5-24:34
MERGED from [com.android.support:support-compat:25.3.1] AndroidManifest.xml:25:5-27:34
	android:value
		ADDED from [com.android.support:appcompat-v7:25.3.1] AndroidManifest.xml:27:9-31
	android:name
		ADDED from [com.android.support:appcompat-v7:25.3.1] AndroidManifest.xml:26:9-47